{
  "0 debug pnpm:scope": {
    "selected": 1
  },
  "1 info pnpm": {
    "err": {
      "name": "Error",
      "message": "not found: cache",
      "code": "ENOENT",
      "stack": "Error: not found: cache\n    at getNotFoundError (C:\\Program Files\\nodejs\\node_modules\\npm\\node_global_modules\\node_modules\\pnpm\\dist\\pnpm.cjs:41653:51)\n    at Function.whichSync [as sync] (C:\\Program Files\\nodejs\\node_modules\\npm\\node_global_modules\\node_modules\\pnpm\\dist\\pnpm.cjs:41730:13)\n    at getCommandAbsolutePathSync (C:\\Program Files\\nodejs\\node_modules\\npm\\node_global_modules\\node_modules\\pnpm\\dist\\pnpm.cjs:43295:44)\n    at default_1 (C:\\Program Files\\nodejs\\node_modules\\npm\\node_global_modules\\node_modules\\pnpm\\dist\\pnpm.cjs:43304:32)\n    at C:\\Program Files\\nodejs\\node_modules\\npm\\node_global_modules\\node_modules\\pnpm\\dist\\pnpm.cjs:178561:39"
    }
  },
  "2 error pnpm": {
    "code": "ERR_PNPM_RECURSIVE_EXEC_FIRST_FAIL",
    "prefix": "C:\\Users\\Administrator\\Desktop\\project\\VUE3\\lucky-chat",
    "err": {
      "name": "pnpm",
      "message": "not found: cache",
      "code": "ERR_PNPM_RECURSIVE_EXEC_FIRST_FAIL",
      "stack": "Error: not found: cache\n    at getNotFoundError (C:\\Program Files\\nodejs\\node_modules\\npm\\node_global_modules\\node_modules\\pnpm\\dist\\pnpm.cjs:41653:51)\n    at Function.whichSync [as sync] (C:\\Program Files\\nodejs\\node_modules\\npm\\node_global_modules\\node_modules\\pnpm\\dist\\pnpm.cjs:41730:13)\n    at getCommandAbsolutePathSync (C:\\Program Files\\nodejs\\node_modules\\npm\\node_global_modules\\node_modules\\pnpm\\dist\\pnpm.cjs:43295:44)\n    at default_1 (C:\\Program Files\\nodejs\\node_modules\\npm\\node_global_modules\\node_modules\\pnpm\\dist\\pnpm.cjs:43304:32)\n    at C:\\Program Files\\nodejs\\node_modules\\npm\\node_global_modules\\node_modules\\pnpm\\dist\\pnpm.cjs:178561:39"
    }
  }
}